Flutter crash report; please file at https://github.com/flutter/flutter/issues.

## command

flutter run

## exception

FileSystemException: FileSystemException: Cannot copy file to '/var/folders/fv/g4qd5h2d65j66pzb7w300p9r0000gp/T/flutter_tool.pBPIu6/app.dill', path = 'build/app.dill' (OS Error: No space left on device, errno = 28)

```
#0      _File.throwIfError (dart:io/file_impl.dart:645:7)
#1      _File.copySync (dart:io/file_impl.dart:350:5)
#2      ForwardingFile.copySync (package:file/src/forwarding/forwarding_file.dart:30:50)
#3      new ResidentRunner (package:flutter_tools/src/resident_runner.dart:641:22)
#4      new HotRunner (package:flutter_tools/src/run_hot.dart:76:8)
#5      RunCommand.runCommand (package:flutter_tools/src/commands/run.dart:447:16)
<asynchronous suspension>
#6      FlutterCommand.verifyThenRunCommand (package:flutter_tools/src/runner/flutter_command.dart:615:18)
<asynchronous suspension>
#7      FlutterCommand.run.<anonymous closure> (package:flutter_tools/src/runner/flutter_command.dart:515:33)
<asynchronous suspension>
#8      AppContext.run.<anonymous closure> (package:flutter_tools/src/base/context.dart:146:29)
#9      _rootRun (dart:async/zone.dart:1126:13)
#10     _CustomZone.run (dart:async/zone.dart:1023:19)
#11     _runZoned (dart:async/zone.dart:1518:10)
#12     runZoned (dart:async/zone.dart:1465:12)
#13     AppContext.run (package:flutter_tools/src/base/context.dart:145:18)
#14     FlutterCommand.run (package:flutter_tools/src/runner/flutter_command.dart:505:20)
#15     CommandRunner.runCommand (package:args/command_runner.dart:197:27)
#16     FlutterCommandRunner.runCommand.<anonymous closure> (package:flutter_tools/src/runner/flutter_command_runner.dart:413:21)
<asynchronous suspension>
#17     AppContext.run.<anonymous closure> (package:flutter_tools/src/base/context.dart:146:29)
#18     _rootRun (dart:async/zone.dart:1126:13)
#19     _CustomZone.run (dart:async/zone.dart:1023:19)
#20     _runZoned (dart:async/zone.dart:1518:10)
#21     runZoned (dart:async/zone.dart:1465:12)
#22     AppContext.run (package:flutter_tools/src/base/context.dart:145:18)
#23     FlutterCommandRunner.runCommand (package:flutter_tools/src/runner/flutter_command_runner.dart:364:19)
#24     CommandRunner.run.<anonymous closure> (package:args/command_runner.dart:112:25)
#25     new Future.sync (dart:async/future.dart:224:31)
#26     CommandRunner.run (package:args/command_runner.dart:112:14)
#27     FlutterCommandRunner.run (package:flutter_tools/src/runner/flutter_command_runner.dart:250:18)
#28     run.<anonymous closure>.<anonymous closure> (package:flutter_tools/runner.dart:63:22)
#29     _rootRun (dart:async/zone.dart:1126:13)
#30     _CustomZone.run (dart:async/zone.dart:1023:19)
#31     _runZoned (dart:async/zone.dart:1518:10)
#32     runZoned (dart:async/zone.dart:1502:12)
#33     run.<anonymous closure> (package:flutter_tools/runner.dart:61:18)
<asynchronous suspension>
#34     AppContext.run.<anonymous closure> (package:flutter_tools/src/base/context.dart:146:29)
#35     _rootRun (dart:async/zone.dart:1126:13)
#36     _CustomZone.run (dart:async/zone.dart:1023:19)
#37     _runZoned (dart:async/zone.dart:1518:10)
#38     runZoned (dart:async/zone.dart:1465:12)
#39     AppContext.run (package:flutter_tools/src/base/context.dart:145:18)
#40     runInContext (package:flutter_tools/src/context_runner.dart:64:24)
#41     run (package:flutter_tools/runner.dart:50:10)
#42     main (package:flutter_tools/executable.dart:65:9)
#43     main (file:///Users/daoj/Desktop/flutter/packages/flutter_tools/bin/flutter_tools.dart:8:3)
#44     _startIsolate.<anonymous closure> (dart:isolate-patch/isolate_patch.dart:305:32)
#45     _RawReceivePortImpl._handleMessage (dart:isolate-patch/isolate_patch.dart:174:12)
```

## flutter doctor

```
[32m[✓][39m Flutter (Channel stable, v1.12.13+hotfix.5, on Mac OS X 10.15.2 19C57, locale zh-Hans-CN)
    [32m•[39m Flutter version 1.12.13+hotfix.5 at /Users/daoj/Desktop/flutter
    [32m•[39m Framework revision 27321ebbad (3 weeks ago), 2019-12-10 18:15:01 -0800
    [32m•[39m Engine revision 2994f7e1e6
    [32m•[39m Dart version 2.7.0

[33m[!][39m Android toolchain - develop for Android devices (Android SDK version 29.0.2)
    [32m•[39m Android SDK at /Users/daoj/Library/Android/sdk
    [32m•[39m Android NDK location not configured (optional; useful for native profiling support)
    [32m•[39m Platform android-29, build-tools 29.0.2
    [32m•[39m Java binary at: /Library/Java/JavaVirtualMachines/jdk-13.0.1.jdk/Contents/Home/bin/java
    [32m•[39m Java version Java(TM) SE Runtime Environment (build 13.0.1+9)
    [31m✗[39m Android license status unknown.
      Try re-installing or updating your Android SDK Manager.
      See https://developer.android.com/studio/#downloads or visit https://flutter.dev/setup/#android-setup for detailed
      instructions.

[32m[✓][39m Xcode - develop for iOS and macOS (Xcode 11.3)
    [32m•[39m Xcode at /Applications/Xcode.app/Contents/Developer
    [32m•[39m Xcode 11.3, Build version 11C29
    [32m•[39m CocoaPods version 1.8.4

[33m[!][39m Android Studio (not installed)
    [32m•[39m Android Studio not found; download from https://developer.android.com/studio/index.html
      (or visit https://flutter.dev/setup/#android-setup for detailed instructions).

[32m[✓][39m VS Code (version 1.41.1)
    [32m•[39m VS Code at /Applications/Visual Studio Code.app/Contents
    [32m•[39m Flutter extension version 3.7.1

[32m[✓][39m Connected device (1 available)
    [32m•[39m iPhone 11 Pro Max • 41233FFA-D7E6-4BED-8AFD-E9590CDC99CC • ios • com.apple.CoreSimulator.SimRuntime.iOS-13-3 (simulator)

[33m![39m Doctor found issues in 2 categories.
```
